<?xml version="1.0" encoding="UTF-8"?>
<testsuite xmlns:xsi="http://www.w3.org/2001/XMLSchema-instance" xsi:noNamespaceSchemaLocation="https://maven.apache.org/surefire/maven-surefire-plugin/xsd/surefire-test-report.xsd" name="com.azoker.AppTest" time="0.002" tests="1" errors="0" skipped="0" failures="0">
  <properties>
    <property name="sun.desktop" value="windows"/>
    <property name="awt.toolkit" value="sun.awt.windows.WToolkit"/>
    <property name="file.encoding.pkg" value="sun.io"/>
    <property name="java.specification.version" value="1.8"/>
    <property name="sun.cpu.isalist" value="amd64"/>
    <property name="sun.jnu.encoding" value="GBK"/>
    <property name="java.class.path" value="E:\azoker-hospital\hp-common\hp-admin-api\target\test-classes;E:\azoker-hospital\hp-common\hp-admin-api\target\classes;D:\projects\.mvn\repo\com\mybatis-flex\mybatis-flex-spring-boot-starter\1.8.2\mybatis-flex-spring-boot-starter-1.8.2.jar;D:\projects\.mvn\repo\com\mybatis-flex\mybatis-flex-spring\1.8.2\mybatis-flex-spring-1.8.2.jar;D:\projects\.mvn\repo\org\mybatis\mybatis-spring\2.1.2\mybatis-spring-2.1.2.jar;D:\projects\.mvn\repo\org\springframework\spring-context-support\5.2.8.RELEASE\spring-context-support-5.2.8.RELEASE.jar;D:\projects\.mvn\repo\org\springframework\spring-jdbc\5.2.8.RELEASE\spring-jdbc-5.2.8.RELEASE.jar;D:\projects\.mvn\repo\org\springframework\spring-tx\5.2.8.RELEASE\spring-tx-5.2.8.RELEASE.jar;D:\projects\.mvn\repo\org\springframework\boot\spring-boot-autoconfigure\2.3.2.RELEASE\spring-boot-autoconfigure-2.3.2.RELEASE.jar;D:\projects\.mvn\repo\org\springframework\boot\spring-boot\2.3.2.RELEASE\spring-boot-2.3.2.RELEASE.jar;D:\projects\.mvn\repo\com\mybatis-flex\mybatis-flex-core\1.8.2\mybatis-flex-core-1.8.2.jar;D:\projects\.mvn\repo\com\mybatis-flex\mybatis-flex-annotation\1.8.2\mybatis-flex-annotation-1.8.2.jar;D:\projects\.mvn\repo\com\mybatis-flex\mybatis-flex-processor\1.8.2\mybatis-flex-processor-1.8.2.jar;D:\projects\.mvn\repo\org\mybatis\mybatis\3.5.15\mybatis-3.5.15.jar;D:\projects\.mvn\repo\org\hibernate\validator\hibernate-validator\6.0.7.Final\hibernate-validator-6.0.7.Final.jar;D:\projects\.mvn\repo\javax\validation\validation-api\2.0.1.Final\validation-api-2.0.1.Final.jar;D:\projects\.mvn\repo\org\jboss\logging\jboss-logging\3.4.1.Final\jboss-logging-3.4.1.Final.jar;D:\projects\.mvn\repo\com\fasterxml\classmate\1.5.1\classmate-1.5.1.jar;D:\projects\.mvn\repo\org\springframework\boot\spring-boot-starter-web\2.3.2.RELEASE\spring-boot-starter-web-2.3.2.RELEASE.jar;D:\projects\.mvn\repo\org\springframework\boot\spring-boot-starter\2.3.2.RELEASE\spring-boot-starter-2.3.2.RELEASE.jar;D:\projects\.mvn\repo\org\springframework\boot\spring-boot-starter-logging\2.3.2.RELEASE\spring-boot-starter-logging-2.3.2.RELEASE.jar;D:\projects\.mvn\repo\ch\qos\logback\logback-classic\1.2.3\logback-classic-1.2.3.jar;D:\projects\.mvn\repo\ch\qos\logback\logback-core\1.2.3\logback-core-1.2.3.jar;D:\projects\.mvn\repo\org\apache\logging\log4j\log4j-to-slf4j\2.13.3\log4j-to-slf4j-2.13.3.jar;D:\projects\.mvn\repo\org\apache\logging\log4j\log4j-api\2.13.3\log4j-api-2.13.3.jar;D:\projects\.mvn\repo\org\slf4j\jul-to-slf4j\1.7.30\jul-to-slf4j-1.7.30.jar;D:\projects\.mvn\repo\jakarta\annotation\jakarta.annotation-api\1.3.5\jakarta.annotation-api-1.3.5.jar;D:\projects\.mvn\repo\org\yaml\snakeyaml\1.26\snakeyaml-1.26.jar;D:\projects\.mvn\repo\org\springframework\boot\spring-boot-starter-json\2.3.2.RELEASE\spring-boot-starter-json-2.3.2.RELEASE.jar;D:\projects\.mvn\repo\com\fasterxml\jackson\core\jackson-databind\2.11.1\jackson-databind-2.11.1.jar;D:\projects\.mvn\repo\com\fasterxml\jackson\core\jackson-core\2.11.1\jackson-core-2.11.1.jar;D:\projects\.mvn\repo\com\fasterxml\jackson\datatype\jackson-datatype-jdk8\2.11.1\jackson-datatype-jdk8-2.11.1.jar;D:\projects\.mvn\repo\com\fasterxml\jackson\datatype\jackson-datatype-jsr310\2.11.1\jackson-datatype-jsr310-2.11.1.jar;D:\projects\.mvn\repo\com\fasterxml\jackson\module\jackson-module-parameter-names\2.11.1\jackson-module-parameter-names-2.11.1.jar;D:\projects\.mvn\repo\org\springframework\boot\spring-boot-starter-tomcat\2.3.2.RELEASE\spring-boot-starter-tomcat-2.3.2.RELEASE.jar;D:\projects\.mvn\repo\org\apache\tomcat\embed\tomcat-embed-core\9.0.37\tomcat-embed-core-9.0.37.jar;D:\projects\.mvn\repo\org\glassfish\jakarta.el\3.0.3\jakarta.el-3.0.3.jar;D:\projects\.mvn\repo\org\apache\tomcat\embed\tomcat-embed-websocket\9.0.37\tomcat-embed-websocket-9.0.37.jar;D:\projects\.mvn\repo\org\springframework\spring-web\5.2.8.RELEASE\spring-web-5.2.8.RELEASE.jar;D:\projects\.mvn\repo\org\springframework\spring-beans\5.2.8.RELEASE\spring-beans-5.2.8.RELEASE.jar;D:\projects\.mvn\repo\org\springframework\spring-webmvc\5.2.8.RELEASE\spring-webmvc-5.2.8.RELEASE.jar;D:\projects\.mvn\repo\org\springframework\spring-aop\5.2.8.RELEASE\spring-aop-5.2.8.RELEASE.jar;D:\projects\.mvn\repo\org\springframework\spring-context\5.2.8.RELEASE\spring-context-5.2.8.RELEASE.jar;D:\projects\.mvn\repo\org\springframework\spring-expression\5.2.8.RELEASE\spring-expression-5.2.8.RELEASE.jar;D:\projects\.mvn\repo\org\springframework\boot\spring-boot-starter-test\2.3.2.RELEASE\spring-boot-starter-test-2.3.2.RELEASE.jar;D:\projects\.mvn\repo\org\springframework\boot\spring-boot-test\2.3.2.RELEASE\spring-boot-test-2.3.2.RELEASE.jar;D:\projects\.mvn\repo\org\springframework\boot\spring-boot-test-autoconfigure\2.3.2.RELEASE\spring-boot-test-autoconfigure-2.3.2.RELEASE.jar;D:\projects\.mvn\repo\com\jayway\jsonpath\json-path\2.4.0\json-path-2.4.0.jar;D:\projects\.mvn\repo\net\minidev\json-smart\2.3\json-smart-2.3.jar;D:\projects\.mvn\repo\net\minidev\accessors-smart\1.2\accessors-smart-1.2.jar;D:\projects\.mvn\repo\org\ow2\asm\asm\5.0.4\asm-5.0.4.jar;D:\projects\.mvn\repo\jakarta\xml\bind\jakarta.xml.bind-api\2.3.3\jakarta.xml.bind-api-2.3.3.jar;D:\projects\.mvn\repo\jakarta\activation\jakarta.activation-api\1.2.2\jakarta.activation-api-1.2.2.jar;D:\projects\.mvn\repo\org\assertj\assertj-core\3.16.1\assertj-core-3.16.1.jar;D:\projects\.mvn\repo\org\hamcrest\hamcrest\2.2\hamcrest-2.2.jar;D:\projects\.mvn\repo\org\junit\jupiter\junit-jupiter\5.6.2\junit-jupiter-5.6.2.jar;D:\projects\.mvn\repo\org\junit\jupiter\junit-jupiter-api\5.6.2\junit-jupiter-api-5.6.2.jar;D:\projects\.mvn\repo\org\opentest4j\opentest4j\1.2.0\opentest4j-1.2.0.jar;D:\projects\.mvn\repo\org\junit\platform\junit-platform-commons\1.6.2\junit-platform-commons-1.6.2.jar;D:\projects\.mvn\repo\org\junit\jupiter\junit-jupiter-params\5.6.2\junit-jupiter-params-5.6.2.jar;D:\projects\.mvn\repo\org\junit\jupiter\junit-jupiter-engine\5.6.2\junit-jupiter-engine-5.6.2.jar;D:\projects\.mvn\repo\org\junit\vintage\junit-vintage-engine\5.6.2\junit-vintage-engine-5.6.2.jar;D:\projects\.mvn\repo\org\apiguardian\apiguardian-api\1.1.0\apiguardian-api-1.1.0.jar;D:\projects\.mvn\repo\org\junit\platform\junit-platform-engine\1.6.2\junit-platform-engine-1.6.2.jar;D:\projects\.mvn\repo\junit\junit\4.13\junit-4.13.jar;D:\projects\.mvn\repo\org\mockito\mockito-core\3.3.3\mockito-core-3.3.3.jar;D:\projects\.mvn\repo\net\bytebuddy\byte-buddy\1.10.13\byte-buddy-1.10.13.jar;D:\projects\.mvn\repo\net\bytebuddy\byte-buddy-agent\1.10.13\byte-buddy-agent-1.10.13.jar;D:\projects\.mvn\repo\org\objenesis\objenesis\2.6\objenesis-2.6.jar;D:\projects\.mvn\repo\org\mockito\mockito-junit-jupiter\3.3.3\mockito-junit-jupiter-3.3.3.jar;D:\projects\.mvn\repo\org\skyscreamer\jsonassert\1.5.0\jsonassert-1.5.0.jar;D:\projects\.mvn\repo\com\vaadin\external\google\android-json\0.0.20131108.vaadin1\android-json-0.0.20131108.vaadin1.jar;D:\projects\.mvn\repo\org\springframework\spring-core\5.2.8.RELEASE\spring-core-5.2.8.RELEASE.jar;D:\projects\.mvn\repo\org\springframework\spring-jcl\5.2.8.RELEASE\spring-jcl-5.2.8.RELEASE.jar;D:\projects\.mvn\repo\org\springframework\spring-test\5.2.8.RELEASE\spring-test-5.2.8.RELEASE.jar;D:\projects\.mvn\repo\org\xmlunit\xmlunit-core\2.7.0\xmlunit-core-2.7.0.jar;D:\projects\.mvn\repo\org\projectlombok\lombok\1.18.12\lombok-1.18.12.jar;D:\projects\.mvn\repo\io\springfox\springfox-swagger2\2.9.2\springfox-swagger2-2.9.2.jar;D:\projects\.mvn\repo\io\swagger\swagger-annotations\1.5.20\swagger-annotations-1.5.20.jar;D:\projects\.mvn\repo\io\swagger\swagger-models\1.5.20\swagger-models-1.5.20.jar;D:\projects\.mvn\repo\com\fasterxml\jackson\core\jackson-annotations\2.11.1\jackson-annotations-2.11.1.jar;D:\projects\.mvn\repo\io\springfox\springfox-spi\2.9.2\springfox-spi-2.9.2.jar;D:\projects\.mvn\repo\io\springfox\springfox-core\2.9.2\springfox-core-2.9.2.jar;D:\projects\.mvn\repo\io\springfox\springfox-schema\2.9.2\springfox-schema-2.9.2.jar;D:\projects\.mvn\repo\io\springfox\springfox-swagger-common\2.9.2\springfox-swagger-common-2.9.2.jar;D:\projects\.mvn\repo\io\springfox\springfox-spring-web\2.9.2\springfox-spring-web-2.9.2.jar;D:\projects\.mvn\repo\com\google\guava\guava\20.0\guava-20.0.jar;D:\projects\.mvn\repo\org\slf4j\slf4j-api\1.7.30\slf4j-api-1.7.30.jar;D:\projects\.mvn\repo\org\springframework\plugin\spring-plugin-core\1.2.0.RELEASE\spring-plugin-core-1.2.0.RELEASE.jar;D:\projects\.mvn\repo\org\springframework\plugin\spring-plugin-metadata\1.2.0.RELEASE\spring-plugin-metadata-1.2.0.RELEASE.jar;D:\projects\.mvn\repo\org\mapstruct\mapstruct\1.2.0.Final\mapstruct-1.2.0.Final.jar;D:\projects\.mvn\repo\io\springfox\springfox-swagger-ui\2.9.2\springfox-swagger-ui-2.9.2.jar;"/>
    <property name="java.vm.vendor" value="Oracle Corporation"/>
    <property name="sun.arch.data.model" value="64"/>
    <property name="user.variant" value=""/>
    <property name="java.vendor.url" value="http://java.oracle.com/"/>
    <property name="user.timezone" value="Asia/Shanghai"/>
    <property name="java.vm.specification.version" value="1.8"/>
    <property name="os.name" value="Windows 10"/>
    <property name="user.country" value="CN"/>
    <property name="sun.java.launcher" value="SUN_STANDARD"/>
    <property name="sun.boot.library.path" value="D:\develop\jdk\jdk1.8.0_271\jre\bin"/>
    <property name="sun.java.command" value="C:\Users\azoker\AppData\Local\Temp\surefire785644121728876270\surefirebooter8090192334593864340.jar C:\Users\azoker\AppData\Local\Temp\surefire785644121728876270 2024-07-10T11-00-44_728-jvmRun1 surefire1559612515449519825tmp surefire_08431476877310795689tmp"/>
    <property name="surefire.test.class.path" value="E:\azoker-hospital\hp-common\hp-admin-api\target\test-classes;E:\azoker-hospital\hp-common\hp-admin-api\target\classes;D:\projects\.mvn\repo\com\mybatis-flex\mybatis-flex-spring-boot-starter\1.8.2\mybatis-flex-spring-boot-starter-1.8.2.jar;D:\projects\.mvn\repo\com\mybatis-flex\mybatis-flex-spring\1.8.2\mybatis-flex-spring-1.8.2.jar;D:\projects\.mvn\repo\org\mybatis\mybatis-spring\2.1.2\mybatis-spring-2.1.2.jar;D:\projects\.mvn\repo\org\springframework\spring-context-support\5.2.8.RELEASE\spring-context-support-5.2.8.RELEASE.jar;D:\projects\.mvn\repo\org\springframework\spring-jdbc\5.2.8.RELEASE\spring-jdbc-5.2.8.RELEASE.jar;D:\projects\.mvn\repo\org\springframework\spring-tx\5.2.8.RELEASE\spring-tx-5.2.8.RELEASE.jar;D:\projects\.mvn\repo\org\springframework\boot\spring-boot-autoconfigure\2.3.2.RELEASE\spring-boot-autoconfigure-2.3.2.RELEASE.jar;D:\projects\.mvn\repo\org\springframework\boot\spring-boot\2.3.2.RELEASE\spring-boot-2.3.2.RELEASE.jar;D:\projects\.mvn\repo\com\mybatis-flex\mybatis-flex-core\1.8.2\mybatis-flex-core-1.8.2.jar;D:\projects\.mvn\repo\com\mybatis-flex\mybatis-flex-annotation\1.8.2\mybatis-flex-annotation-1.8.2.jar;D:\projects\.mvn\repo\com\mybatis-flex\mybatis-flex-processor\1.8.2\mybatis-flex-processor-1.8.2.jar;D:\projects\.mvn\repo\org\mybatis\mybatis\3.5.15\mybatis-3.5.15.jar;D:\projects\.mvn\repo\org\hibernate\validator\hibernate-validator\6.0.7.Final\hibernate-validator-6.0.7.Final.jar;D:\projects\.mvn\repo\javax\validation\validation-api\2.0.1.Final\validation-api-2.0.1.Final.jar;D:\projects\.mvn\repo\org\jboss\logging\jboss-logging\3.4.1.Final\jboss-logging-3.4.1.Final.jar;D:\projects\.mvn\repo\com\fasterxml\classmate\1.5.1\classmate-1.5.1.jar;D:\projects\.mvn\repo\org\springframework\boot\spring-boot-starter-web\2.3.2.RELEASE\spring-boot-starter-web-2.3.2.RELEASE.jar;D:\projects\.mvn\repo\org\springframework\boot\spring-boot-starter\2.3.2.RELEASE\spring-boot-starter-2.3.2.RELEASE.jar;D:\projects\.mvn\repo\org\springframework\boot\spring-boot-starter-logging\2.3.2.RELEASE\spring-boot-starter-logging-2.3.2.RELEASE.jar;D:\projects\.mvn\repo\ch\qos\logback\logback-classic\1.2.3\logback-classic-1.2.3.jar;D:\projects\.mvn\repo\ch\qos\logback\logback-core\1.2.3\logback-core-1.2.3.jar;D:\projects\.mvn\repo\org\apache\logging\log4j\log4j-to-slf4j\2.13.3\log4j-to-slf4j-2.13.3.jar;D:\projects\.mvn\repo\org\apache\logging\log4j\log4j-api\2.13.3\log4j-api-2.13.3.jar;D:\projects\.mvn\repo\org\slf4j\jul-to-slf4j\1.7.30\jul-to-slf4j-1.7.30.jar;D:\projects\.mvn\repo\jakarta\annotation\jakarta.annotation-api\1.3.5\jakarta.annotation-api-1.3.5.jar;D:\projects\.mvn\repo\org\yaml\snakeyaml\1.26\snakeyaml-1.26.jar;D:\projects\.mvn\repo\org\springframework\boot\spring-boot-starter-json\2.3.2.RELEASE\spring-boot-starter-json-2.3.2.RELEASE.jar;D:\projects\.mvn\repo\com\fasterxml\jackson\core\jackson-databind\2.11.1\jackson-databind-2.11.1.jar;D:\projects\.mvn\repo\com\fasterxml\jackson\core\jackson-core\2.11.1\jackson-core-2.11.1.jar;D:\projects\.mvn\repo\com\fasterxml\jackson\datatype\jackson-datatype-jdk8\2.11.1\jackson-datatype-jdk8-2.11.1.jar;D:\projects\.mvn\repo\com\fasterxml\jackson\datatype\jackson-datatype-jsr310\2.11.1\jackson-datatype-jsr310-2.11.1.jar;D:\projects\.mvn\repo\com\fasterxml\jackson\module\jackson-module-parameter-names\2.11.1\jackson-module-parameter-names-2.11.1.jar;D:\projects\.mvn\repo\org\springframework\boot\spring-boot-starter-tomcat\2.3.2.RELEASE\spring-boot-starter-tomcat-2.3.2.RELEASE.jar;D:\projects\.mvn\repo\org\apache\tomcat\embed\tomcat-embed-core\9.0.37\tomcat-embed-core-9.0.37.jar;D:\projects\.mvn\repo\org\glassfish\jakarta.el\3.0.3\jakarta.el-3.0.3.jar;D:\projects\.mvn\repo\org\apache\tomcat\embed\tomcat-embed-websocket\9.0.37\tomcat-embed-websocket-9.0.37.jar;D:\projects\.mvn\repo\org\springframework\spring-web\5.2.8.RELEASE\spring-web-5.2.8.RELEASE.jar;D:\projects\.mvn\repo\org\springframework\spring-beans\5.2.8.RELEASE\spring-beans-5.2.8.RELEASE.jar;D:\projects\.mvn\repo\org\springframework\spring-webmvc\5.2.8.RELEASE\spring-webmvc-5.2.8.RELEASE.jar;D:\projects\.mvn\repo\org\springframework\spring-aop\5.2.8.RELEASE\spring-aop-5.2.8.RELEASE.jar;D:\projects\.mvn\repo\org\springframework\spring-context\5.2.8.RELEASE\spring-context-5.2.8.RELEASE.jar;D:\projects\.mvn\repo\org\springframework\spring-expression\5.2.8.RELEASE\spring-expression-5.2.8.RELEASE.jar;D:\projects\.mvn\repo\org\springframework\boot\spring-boot-starter-test\2.3.2.RELEASE\spring-boot-starter-test-2.3.2.RELEASE.jar;D:\projects\.mvn\repo\org\springframework\boot\spring-boot-test\2.3.2.RELEASE\spring-boot-test-2.3.2.RELEASE.jar;D:\projects\.mvn\repo\org\springframework\boot\spring-boot-test-autoconfigure\2.3.2.RELEASE\spring-boot-test-autoconfigure-2.3.2.RELEASE.jar;D:\projects\.mvn\repo\com\jayway\jsonpath\json-path\2.4.0\json-path-2.4.0.jar;D:\projects\.mvn\repo\net\minidev\json-smart\2.3\json-smart-2.3.jar;D:\projects\.mvn\repo\net\minidev\accessors-smart\1.2\accessors-smart-1.2.jar;D:\projects\.mvn\repo\org\ow2\asm\asm\5.0.4\asm-5.0.4.jar;D:\projects\.mvn\repo\jakarta\xml\bind\jakarta.xml.bind-api\2.3.3\jakarta.xml.bind-api-2.3.3.jar;D:\projects\.mvn\repo\jakarta\activation\jakarta.activation-api\1.2.2\jakarta.activation-api-1.2.2.jar;D:\projects\.mvn\repo\org\assertj\assertj-core\3.16.1\assertj-core-3.16.1.jar;D:\projects\.mvn\repo\org\hamcrest\hamcrest\2.2\hamcrest-2.2.jar;D:\projects\.mvn\repo\org\junit\jupiter\junit-jupiter\5.6.2\junit-jupiter-5.6.2.jar;D:\projects\.mvn\repo\org\junit\jupiter\junit-jupiter-api\5.6.2\junit-jupiter-api-5.6.2.jar;D:\projects\.mvn\repo\org\opentest4j\opentest4j\1.2.0\opentest4j-1.2.0.jar;D:\projects\.mvn\repo\org\junit\platform\junit-platform-commons\1.6.2\junit-platform-commons-1.6.2.jar;D:\projects\.mvn\repo\org\junit\jupiter\junit-jupiter-params\5.6.2\junit-jupiter-params-5.6.2.jar;D:\projects\.mvn\repo\org\junit\jupiter\junit-jupiter-engine\5.6.2\junit-jupiter-engine-5.6.2.jar;D:\projects\.mvn\repo\org\junit\vintage\junit-vintage-engine\5.6.2\junit-vintage-engine-5.6.2.jar;D:\projects\.mvn\repo\org\apiguardian\apiguardian-api\1.1.0\apiguardian-api-1.1.0.jar;D:\projects\.mvn\repo\org\junit\platform\junit-platform-engine\1.6.2\junit-platform-engine-1.6.2.jar;D:\projects\.mvn\repo\junit\junit\4.13\junit-4.13.jar;D:\projects\.mvn\repo\org\mockito\mockito-core\3.3.3\mockito-core-3.3.3.jar;D:\projects\.mvn\repo\net\bytebuddy\byte-buddy\1.10.13\byte-buddy-1.10.13.jar;D:\projects\.mvn\repo\net\bytebuddy\byte-buddy-agent\1.10.13\byte-buddy-agent-1.10.13.jar;D:\projects\.mvn\repo\org\objenesis\objenesis\2.6\objenesis-2.6.jar;D:\projects\.mvn\repo\org\mockito\mockito-junit-jupiter\3.3.3\mockito-junit-jupiter-3.3.3.jar;D:\projects\.mvn\repo\org\skyscreamer\jsonassert\1.5.0\jsonassert-1.5.0.jar;D:\projects\.mvn\repo\com\vaadin\external\google\android-json\0.0.20131108.vaadin1\android-json-0.0.20131108.vaadin1.jar;D:\projects\.mvn\repo\org\springframework\spring-core\5.2.8.RELEASE\spring-core-5.2.8.RELEASE.jar;D:\projects\.mvn\repo\org\springframework\spring-jcl\5.2.8.RELEASE\spring-jcl-5.2.8.RELEASE.jar;D:\projects\.mvn\repo\org\springframework\spring-test\5.2.8.RELEASE\spring-test-5.2.8.RELEASE.jar;D:\projects\.mvn\repo\org\xmlunit\xmlunit-core\2.7.0\xmlunit-core-2.7.0.jar;D:\projects\.mvn\repo\org\projectlombok\lombok\1.18.12\lombok-1.18.12.jar;D:\projects\.mvn\repo\io\springfox\springfox-swagger2\2.9.2\springfox-swagger2-2.9.2.jar;D:\projects\.mvn\repo\io\swagger\swagger-annotations\1.5.20\swagger-annotations-1.5.20.jar;D:\projects\.mvn\repo\io\swagger\swagger-models\1.5.20\swagger-models-1.5.20.jar;D:\projects\.mvn\repo\com\fasterxml\jackson\core\jackson-annotations\2.11.1\jackson-annotations-2.11.1.jar;D:\projects\.mvn\repo\io\springfox\springfox-spi\2.9.2\springfox-spi-2.9.2.jar;D:\projects\.mvn\repo\io\springfox\springfox-core\2.9.2\springfox-core-2.9.2.jar;D:\projects\.mvn\repo\io\springfox\springfox-schema\2.9.2\springfox-schema-2.9.2.jar;D:\projects\.mvn\repo\io\springfox\springfox-swagger-common\2.9.2\springfox-swagger-common-2.9.2.jar;D:\projects\.mvn\repo\io\springfox\springfox-spring-web\2.9.2\springfox-spring-web-2.9.2.jar;D:\projects\.mvn\repo\com\google\guava\guava\20.0\guava-20.0.jar;D:\projects\.mvn\repo\org\slf4j\slf4j-api\1.7.30\slf4j-api-1.7.30.jar;D:\projects\.mvn\repo\org\springframework\plugin\spring-plugin-core\1.2.0.RELEASE\spring-plugin-core-1.2.0.RELEASE.jar;D:\projects\.mvn\repo\org\springframework\plugin\spring-plugin-metadata\1.2.0.RELEASE\spring-plugin-metadata-1.2.0.RELEASE.jar;D:\projects\.mvn\repo\org\mapstruct\mapstruct\1.2.0.Final\mapstruct-1.2.0.Final.jar;D:\projects\.mvn\repo\io\springfox\springfox-swagger-ui\2.9.2\springfox-swagger-ui-2.9.2.jar;"/>
    <property name="sun.cpu.endian" value="little"/>
    <property name="user.home" value="C:\Users\azoker"/>
    <property name="user.language" value="zh"/>
    <property name="java.specification.vendor" value="Oracle Corporation"/>
    <property name="java.home" value="D:\develop\jdk\jdk1.8.0_271\jre"/>
    <property name="basedir" value="E:\azoker-hospital\hp-common\hp-admin-api"/>
    <property name="file.separator" value="\"/>
    <property name="line.separator" value="&#10;"/>
    <property name="java.vm.specification.vendor" value="Oracle Corporation"/>
    <property name="java.specification.name" value="Java Platform API Specification"/>
    <property name="java.awt.graphicsenv" value="sun.awt.Win32GraphicsEnvironment"/>
    <property name="surefire.real.class.path" value="C:\Users\azoker\AppData\Local\Temp\surefire785644121728876270\surefirebooter8090192334593864340.jar"/>
    <property name="sun.boot.class.path" value="D:\develop\jdk\jdk1.8.0_271\jre\lib\resources.jar;D:\develop\jdk\jdk1.8.0_271\jre\lib\rt.jar;D:\develop\jdk\jdk1.8.0_271\jre\lib\sunrsasign.jar;D:\develop\jdk\jdk1.8.0_271\jre\lib\jsse.jar;D:\develop\jdk\jdk1.8.0_271\jre\lib\jce.jar;D:\develop\jdk\jdk1.8.0_271\jre\lib\charsets.jar;D:\develop\jdk\jdk1.8.0_271\jre\lib\jfr.jar;D:\develop\jdk\jdk1.8.0_271\jre\classes"/>
    <property name="user.script" value=""/>
    <property name="sun.management.compiler" value="HotSpot 64-Bit Tiered Compilers"/>
    <property name="java.runtime.version" value="1.8.0_271-b09"/>
    <property name="user.name" value="azoker"/>
    <property name="path.separator" value=";"/>
    <property name="os.version" value="10.0"/>
    <property name="java.endorsed.dirs" value="D:\develop\jdk\jdk1.8.0_271\jre\lib\endorsed"/>
    <property name="java.runtime.name" value="Java(TM) SE Runtime Environment"/>
    <property name="file.encoding" value="GBK"/>
    <property name="java.vm.name" value="Java HotSpot(TM) 64-Bit Server VM"/>
    <property name="localRepository" value="D:\projects\.mvn\repo"/>
    <property name="java.vendor.url.bug" value="http://bugreport.sun.com/bugreport/"/>
    <property name="java.io.tmpdir" value="C:\Users\azoker\AppData\Local\Temp\"/>
    <property name="idea.version" value="2022.3.3"/>
    <property name="java.version" value="1.8.0_271"/>
    <property name="user.dir" value="E:\azoker-hospital\hp-common\hp-admin-api"/>
    <property name="os.arch" value="amd64"/>
    <property name="java.vm.specification.name" value="Java Virtual Machine Specification"/>
    <property name="java.awt.printerjob" value="sun.awt.windows.WPrinterJob"/>
    <property name="sun.os.patch.level" value=""/>
    <property name="java.library.path" value="D:\develop\jdk\jdk1.8.0_271\jre\bin;C:\Windows\Sun\Java\bin;C:\Windows\system32;C:\Windows;D:\develop\python-3\Scripts\;D:\develop\python-3\;V:\VMware\bin\;C:\Program Files (x86)\NVIDIA Corporation\PhysX\Common;D:\develop\Ruby\bin;D:\develop\apache-maven-3.9.4\bin;D:\develop\gradle-7.5\bin;D:\develop\jdk\jdk1.8.0_271\bin;C:\Windows\system32;C:\Windows;C:\Windows\System32\Wbem;C:\Windows\System32\WindowsPowerShell\v1.0\;C:\Windows\System32\OpenSSH\;C:\Program Files (x86)\Common Files\Thunder Network\KanKan\Codecs;C:\Program Files\MySQL\MySQL Server 8.0\bin;D:\develop\git\cmd;D:\apps\wechat_develop_tool\dll;D:\develop\android-sdk-windows\tools;D:\develop\android-sdk-windows\platform-tools;D:\develop\android-sdk-windows\build-tools;D:\develop\Redis-x64-5.0.14.1_5;D:\develop\nvm;D:\develop\nodejs;D:\develop\npm;D:\Program\TortoiseSVN\bin;C:\Users\azoker\AppData\Local\Microsoft\WindowsApps;D:\apps\Microsoft VS Code\bin;D:\program\DataGrip 2022.3.3\bin;;D:\develop\nvm;D:\develop\nodejs;."/>
    <property name="java.vm.info" value="mixed mode"/>
    <property name="java.vendor" value="Oracle Corporation"/>
    <property name="java.vm.version" value="25.271-b09"/>
    <property name="java.ext.dirs" value="D:\develop\jdk\jdk1.8.0_271\jre\lib\ext;C:\Windows\Sun\Java\lib\ext"/>
    <property name="sun.io.unicode.encoding" value="UnicodeLittle"/>
    <property name="java.class.version" value="52.0"/>
  </properties>
  <testcase name="testApp" classname="com.azoker.AppTest" time="0"/>
</testsuite>